<?xml version="1.0" encoding="UTF-8"?>
<!-- Generated by org.testng.reporters.JUnitXMLReporter -->
<testsuite ignored="0" hostname="DESKTOP-08EDGK2" failures="0" tests="16" name="Default test" time="8.07" errors="0" timestamp="2023-10-06T12:12:17 EDT">
  <testcase classname="module1.Array" name="openwebsite" time="0.621"/>
  <testcase classname="module1.Array" name="Login" time="1.06"/>
  <testcase classname="module1.Array" name="clickGetStarted" time="0.447"/>
  <testcase classname="module1.Array" name="clickdrpdownArray" time="0.379"/>
  <testcase classname="module1.Array" name="ArrayPage" time="0.518"/>
  <testcase classname="module1.Array" name="TryHereLinkArrayInPython" time="0.831"/>
  <testcase classname="module1.Array" name="ArraysUsingListClick" time="0.37"/>
  <testcase classname="module1.Array" name="TryHereArraysUsingList" time="0.421"/>
  <testcase classname="module1.Array" name="BasicOperationListClick" time="0.395"/>
  <testcase classname="module1.Array" name="TryHereBasicOperationList" time="0.421"/>
  <testcase classname="module1.Array" name="ApplicationOfArrayClick" time="0.422"/>
  <testcase classname="module1.Array" name="TryHereApplicationOfArray" time="0.414"/>
  <testcase classname="module1.Array" name="SearchTheArray" time="0.412"/>
  <testcase classname="module1.Array" name="MaxConsecutiveOnes" time="0.444"/>
  <testcase classname="module1.Array" name="FindNumberWithEvenNumber" time="0.423"/>
  <testcase classname="module1.Array" name="SquaresOfSortedArray" time="0.414"/>
</testsuite> <!-- Default test -->
