<?xml version="1.0" encoding="UTF-8"?>
<testng-results ignored="0" total="16" passed="16" failed="0" skipped="0">
  <reporter-output>
  </reporter-output>
  <suite started-at="2023-09-17T22:26:20 GMT-04:00" name="Default suite" finished-at="2023-09-17T22:26:41 GMT-04:00" duration-ms="21385">
    <groups>
    </groups>
    <test started-at="2023-09-17T22:26:20 GMT-04:00" name="Default test" finished-at="2023-09-17T22:26:41 GMT-04:00" duration-ms="21385">
      <class name="module1.Array">
        <test-method signature="openwebsite()[pri:1, instance:module1.Array@b174a73]" started-at="2023-09-17T22:26:20 GMT-04:00" name="openwebsite" finished-at="2023-09-17T22:26:23 GMT-04:00" duration-ms="3144" status="PASS">
          <reporter-output>
          </reporter-output>
        </test-method> <!-- openwebsite -->
        <test-method signature="Login()[pri:2, instance:module1.Array@b174a73]" started-at="2023-09-17T22:26:23 GMT-04:00" name="Login" finished-at="2023-09-17T22:26:26 GMT-04:00" duration-ms="3109" status="PASS">
          <reporter-output>
          </reporter-output>
        </test-method> <!-- Login -->
        <test-method signature="clickGetStarted()[pri:4, instance:module1.Array@b174a73]" started-at="2023-09-17T22:26:26 GMT-04:00" name="clickGetStarted" finished-at="2023-09-17T22:26:27 GMT-04:00" duration-ms="794" status="PASS">
          <reporter-output>
          </reporter-output>
        </test-method> <!-- clickGetStarted -->
        <test-method signature="clickdrpdownArray()[pri:5, instance:module1.Array@b174a73]" started-at="2023-09-17T22:26:27 GMT-04:00" name="clickdrpdownArray" finished-at="2023-09-17T22:26:28 GMT-04:00" duration-ms="720" status="PASS">
          <reporter-output>
          </reporter-output>
        </test-method> <!-- clickdrpdownArray -->
        <test-method signature="ArrayPage()[pri:6, instance:module1.Array@b174a73]" started-at="2023-09-17T22:26:28 GMT-04:00" name="ArrayPage" finished-at="2023-09-17T22:26:30 GMT-04:00" duration-ms="2105" status="PASS">
          <reporter-output>
          </reporter-output>
        </test-method> <!-- ArrayPage -->
        <test-method signature="TryHereLinkArrayInPython()[pri:7, instance:module1.Array@b174a73]" started-at="2023-09-17T22:26:30 GMT-04:00" name="TryHereLinkArrayInPython" finished-at="2023-09-17T22:26:32 GMT-04:00" duration-ms="2254" status="PASS">
          <reporter-output>
          </reporter-output>
        </test-method> <!-- TryHereLinkArrayInPython -->
        <test-method signature="ArraysUsingListClick()[pri:8, instance:module1.Array@b174a73]" started-at="2023-09-17T22:26:32 GMT-04:00" name="ArraysUsingListClick" finished-at="2023-09-17T22:26:33 GMT-04:00" duration-ms="777" status="PASS">
          <reporter-output>
          </reporter-output>
        </test-method> <!-- ArraysUsingListClick -->
        <test-method signature="TryHereArraysUsingList()[pri:9, instance:module1.Array@b174a73]" started-at="2023-09-17T22:26:33 GMT-04:00" name="TryHereArraysUsingList" finished-at="2023-09-17T22:26:34 GMT-04:00" duration-ms="716" status="PASS">
          <reporter-output>
          </reporter-output>
        </test-method> <!-- TryHereArraysUsingList -->
        <test-method signature="BasicOperationListClick()[pri:10, instance:module1.Array@b174a73]" started-at="2023-09-17T22:26:34 GMT-04:00" name="BasicOperationListClick" finished-at="2023-09-17T22:26:35 GMT-04:00" duration-ms="1107" status="PASS">
          <reporter-output>
          </reporter-output>
        </test-method> <!-- BasicOperationListClick -->
        <test-method signature="TryHereBasicOperationList()[pri:11, instance:module1.Array@b174a73]" started-at="2023-09-17T22:26:35 GMT-04:00" name="TryHereBasicOperationList" finished-at="2023-09-17T22:26:36 GMT-04:00" duration-ms="752" status="PASS">
          <reporter-output>
          </reporter-output>
        </test-method> <!-- TryHereBasicOperationList -->
        <test-method signature="ApplicationOfArrayClick()[pri:12, instance:module1.Array@b174a73]" started-at="2023-09-17T22:26:36 GMT-04:00" name="ApplicationOfArrayClick" finished-at="2023-09-17T22:26:36 GMT-04:00" duration-ms="817" status="PASS">
          <reporter-output>
          </reporter-output>
        </test-method> <!-- ApplicationOfArrayClick -->
        <test-method signature="TryHereApplicationOfArray()[pri:13, instance:module1.Array@b174a73]" started-at="2023-09-17T22:26:36 GMT-04:00" name="TryHereApplicationOfArray" finished-at="2023-09-17T22:26:38 GMT-04:00" duration-ms="1060" status="PASS">
          <reporter-output>
          </reporter-output>
        </test-method> <!-- TryHereApplicationOfArray -->
        <test-method signature="SearchTheArray()[pri:15, instance:module1.Array@b174a73]" started-at="2023-09-17T22:26:38 GMT-04:00" name="SearchTheArray" finished-at="2023-09-17T22:26:39 GMT-04:00" duration-ms="960" status="PASS">
          <reporter-output>
          </reporter-output>
        </test-method> <!-- SearchTheArray -->
        <test-method signature="MaxConsecutiveOnes()[pri:16, instance:module1.Array@b174a73]" started-at="2023-09-17T22:26:39 GMT-04:00" name="MaxConsecutiveOnes" finished-at="2023-09-17T22:26:39 GMT-04:00" duration-ms="687" status="PASS">
          <reporter-output>
          </reporter-output>
        </test-method> <!-- MaxConsecutiveOnes -->
        <test-method signature="FindNumberWithEvenNumber()[pri:17, instance:module1.Array@b174a73]" started-at="2023-09-17T22:26:39 GMT-04:00" name="FindNumberWithEvenNumber" finished-at="2023-09-17T22:26:40 GMT-04:00" duration-ms="791" status="PASS">
          <reporter-output>
          </reporter-output>
        </test-method> <!-- FindNumberWithEvenNumber -->
        <test-method signature="SquaresOfSortedArray()[pri:18, instance:module1.Array@b174a73]" started-at="2023-09-17T22:26:40 GMT-04:00" name="SquaresOfSortedArray" finished-at="2023-09-17T22:26:41 GMT-04:00" duration-ms="1371" status="PASS">
          <reporter-output>
          </reporter-output>
        </test-method> <!-- SquaresOfSortedArray -->
      </class> <!-- module1.Array -->
    </test> <!-- Default test -->
  </suite> <!-- Default suite -->
</testng-results>
