<?xml version="1.0" encoding="UTF-8"?>
<testng-results ignored="0" total="16" passed="16" failed="0" skipped="0">
  <reporter-output>
  </reporter-output>
  <suite started-at="2023-10-06T12:12:09 EDT" name="Default suite" finished-at="2023-10-06T12:12:17 EDT" duration-ms="8070">
    <groups>
    </groups>
    <test started-at="2023-10-06T12:12:09 EDT" name="Default test" finished-at="2023-10-06T12:12:17 EDT" duration-ms="8070">
      <class name="module1.Array">
        <test-method signature="openwebsite()[pri:1, instance:module1.Array@51ce6f85]" started-at="2023-10-06T12:12:09 EDT" name="openwebsite" finished-at="2023-10-06T12:12:09 EDT" duration-ms="621" status="PASS">
          <reporter-output>
          </reporter-output>
        </test-method> <!-- openwebsite -->
        <test-method signature="Login()[pri:2, instance:module1.Array@51ce6f85]" started-at="2023-10-06T12:12:09 EDT" name="Login" finished-at="2023-10-06T12:12:10 EDT" duration-ms="1060" status="PASS">
          <reporter-output>
          </reporter-output>
        </test-method> <!-- Login -->
        <test-method signature="clickGetStarted()[pri:4, instance:module1.Array@51ce6f85]" started-at="2023-10-06T12:12:10 EDT" name="clickGetStarted" finished-at="2023-10-06T12:12:11 EDT" duration-ms="447" status="PASS">
          <reporter-output>
          </reporter-output>
        </test-method> <!-- clickGetStarted -->
        <test-method signature="clickdrpdownArray()[pri:5, instance:module1.Array@51ce6f85]" started-at="2023-10-06T12:12:11 EDT" name="clickdrpdownArray" finished-at="2023-10-06T12:12:11 EDT" duration-ms="379" status="PASS">
          <reporter-output>
          </reporter-output>
        </test-method> <!-- clickdrpdownArray -->
        <test-method signature="ArrayPage()[pri:6, instance:module1.Array@51ce6f85]" started-at="2023-10-06T12:12:11 EDT" name="ArrayPage" finished-at="2023-10-06T12:12:12 EDT" duration-ms="518" status="PASS">
          <reporter-output>
          </reporter-output>
        </test-method> <!-- ArrayPage -->
        <test-method signature="TryHereLinkArrayInPython()[pri:7, instance:module1.Array@51ce6f85]" started-at="2023-10-06T12:12:12 EDT" name="TryHereLinkArrayInPython" finished-at="2023-10-06T12:12:13 EDT" duration-ms="831" status="PASS">
          <reporter-output>
          </reporter-output>
        </test-method> <!-- TryHereLinkArrayInPython -->
        <test-method signature="ArraysUsingListClick()[pri:8, instance:module1.Array@51ce6f85]" started-at="2023-10-06T12:12:13 EDT" name="ArraysUsingListClick" finished-at="2023-10-06T12:12:13 EDT" duration-ms="370" status="PASS">
          <reporter-output>
          </reporter-output>
        </test-method> <!-- ArraysUsingListClick -->
        <test-method signature="TryHereArraysUsingList()[pri:9, instance:module1.Array@51ce6f85]" started-at="2023-10-06T12:12:13 EDT" name="TryHereArraysUsingList" finished-at="2023-10-06T12:12:13 EDT" duration-ms="421" status="PASS">
          <reporter-output>
          </reporter-output>
        </test-method> <!-- TryHereArraysUsingList -->
        <test-method signature="BasicOperationListClick()[pri:10, instance:module1.Array@51ce6f85]" started-at="2023-10-06T12:12:13 EDT" name="BasicOperationListClick" finished-at="2023-10-06T12:12:14 EDT" duration-ms="395" status="PASS">
          <reporter-output>
          </reporter-output>
        </test-method> <!-- BasicOperationListClick -->
        <test-method signature="TryHereBasicOperationList()[pri:11, instance:module1.Array@51ce6f85]" started-at="2023-10-06T12:12:14 EDT" name="TryHereBasicOperationList" finished-at="2023-10-06T12:12:14 EDT" duration-ms="421" status="PASS">
          <reporter-output>
          </reporter-output>
        </test-method> <!-- TryHereBasicOperationList -->
        <test-method signature="ApplicationOfArrayClick()[pri:12, instance:module1.Array@51ce6f85]" started-at="2023-10-06T12:12:14 EDT" name="ApplicationOfArrayClick" finished-at="2023-10-06T12:12:15 EDT" duration-ms="422" status="PASS">
          <reporter-output>
          </reporter-output>
        </test-method> <!-- ApplicationOfArrayClick -->
        <test-method signature="TryHereApplicationOfArray()[pri:13, instance:module1.Array@51ce6f85]" started-at="2023-10-06T12:12:15 EDT" name="TryHereApplicationOfArray" finished-at="2023-10-06T12:12:15 EDT" duration-ms="414" status="PASS">
          <reporter-output>
          </reporter-output>
        </test-method> <!-- TryHereApplicationOfArray -->
        <test-method signature="SearchTheArray()[pri:15, instance:module1.Array@51ce6f85]" started-at="2023-10-06T12:12:15 EDT" name="SearchTheArray" finished-at="2023-10-06T12:12:15 EDT" duration-ms="412" status="PASS">
          <reporter-output>
          </reporter-output>
        </test-method> <!-- SearchTheArray -->
        <test-method signature="MaxConsecutiveOnes()[pri:16, instance:module1.Array@51ce6f85]" started-at="2023-10-06T12:12:15 EDT" name="MaxConsecutiveOnes" finished-at="2023-10-06T12:12:16 EDT" duration-ms="444" status="PASS">
          <reporter-output>
          </reporter-output>
        </test-method> <!-- MaxConsecutiveOnes -->
        <test-method signature="FindNumberWithEvenNumber()[pri:17, instance:module1.Array@51ce6f85]" started-at="2023-10-06T12:12:16 EDT" name="FindNumberWithEvenNumber" finished-at="2023-10-06T12:12:16 EDT" duration-ms="423" status="PASS">
          <reporter-output>
          </reporter-output>
        </test-method> <!-- FindNumberWithEvenNumber -->
        <test-method signature="SquaresOfSortedArray()[pri:18, instance:module1.Array@51ce6f85]" started-at="2023-10-06T12:12:16 EDT" name="SquaresOfSortedArray" finished-at="2023-10-06T12:12:17 EDT" duration-ms="414" status="PASS">
          <reporter-output>
          </reporter-output>
        </test-method> <!-- SquaresOfSortedArray -->
      </class> <!-- module1.Array -->
    </test> <!-- Default test -->
  </suite> <!-- Default suite -->
</testng-results>
